2020-02-13 20:59:58,846 WARN [main] o.s.b.a.t.ThymeleafAutoConfiguration$DefaultTemplateResolverConfiguration [ThymeleafAutoConfiguration.java:108] Cannot find template location: classpath:/templates/ (please add some templates or check your Thymeleaf configuration)
2020-02-13 20:59:59,583 WARN [main] c.z.h.HikariConfig [HikariConfig.java:968] HikariPool-1 - maxLifetime is less than 30000ms, setting to default 1800000ms.
2020-02-13 20:59:59,585 WARN [main] c.z.h.HikariConfig [HikariConfig.java:1008] {} - idleTimeout has been set but has no effect because the pool is operating as a fixed size pool.
2020-02-13 21:15:16,296 WARN [main] o.s.b.a.t.ThymeleafAutoConfiguration$DefaultTemplateResolverConfiguration [ThymeleafAutoConfiguration.java:108] Cannot find template location: classpath:/templates/ (please add some templates or check your Thymeleaf configuration)
2020-02-13 21:15:17,084 WARN [main] c.z.h.HikariConfig [HikariConfig.java:968] HikariPool-1 - maxLifetime is less than 30000ms, setting to default 1800000ms.
2020-02-13 21:15:17,086 WARN [main] c.z.h.HikariConfig [HikariConfig.java:1008] {} - idleTimeout has been set but has no effect because the pool is operating as a fixed size pool.
2020-02-13 21:33:11,228 WARN [main] o.s.b.a.t.ThymeleafAutoConfiguration$DefaultTemplateResolverConfiguration [ThymeleafAutoConfiguration.java:108] Cannot find template location: classpath:/templates/ (please add some templates or check your Thymeleaf configuration)
2020-02-13 21:33:11,940 WARN [main] c.z.h.HikariConfig [HikariConfig.java:968] HikariPool-1 - maxLifetime is less than 30000ms, setting to default 1800000ms.
2020-02-13 21:33:11,942 WARN [main] c.z.h.HikariConfig [HikariConfig.java:1008] {} - idleTimeout has been set but has no effect because the pool is operating as a fixed size pool.
2020-02-13 21:35:36,241 WARN [main] o.s.b.a.t.ThymeleafAutoConfiguration$DefaultTemplateResolverConfiguration [ThymeleafAutoConfiguration.java:108] Cannot find template location: classpath:/templates/ (please add some templates or check your Thymeleaf configuration)
2020-02-13 21:35:37,183 WARN [main] c.z.h.HikariConfig [HikariConfig.java:968] HikariPool-1 - maxLifetime is less than 30000ms, setting to default 1800000ms.
2020-02-13 21:35:37,186 WARN [main] c.z.h.HikariConfig [HikariConfig.java:1008] {} - idleTimeout has been set but has no effect because the pool is operating as a fixed size pool.
2020-02-13 21:44:49,047 WARN [main] o.s.b.a.t.ThymeleafAutoConfiguration$DefaultTemplateResolverConfiguration [ThymeleafAutoConfiguration.java:108] Cannot find template location: classpath:/templates/ (please add some templates or check your Thymeleaf configuration)
2020-02-13 21:44:49,791 WARN [main] c.z.h.HikariConfig [HikariConfig.java:968] HikariPool-1 - maxLifetime is less than 30000ms, setting to default 1800000ms.
2020-02-13 21:44:49,793 WARN [main] c.z.h.HikariConfig [HikariConfig.java:1008] {} - idleTimeout has been set but has no effect because the pool is operating as a fixed size pool.
2020-02-13 21:56:32,345 WARN [restartedMain] o.s.b.a.t.ThymeleafAutoConfiguration$DefaultTemplateResolverConfiguration [ThymeleafAutoConfiguration.java:108] Cannot find template location: classpath:/templates/ (please add some templates or check your Thymeleaf configuration)
2020-02-13 21:57:21,997 WARN [http-nio-8081-exec-1] c.z.h.HikariConfig [HikariConfig.java:968] HikariPool-1 - maxLifetime is less than 30000ms, setting to default 1800000ms.
2020-02-13 21:57:21,999 WARN [http-nio-8081-exec-1] c.z.h.HikariConfig [HikariConfig.java:1008] {} - idleTimeout has been set but has no effect because the pool is operating as a fixed size pool.
2020-02-13 22:03:06,677 WARN [http-nio-8081-exec-2] c.z.h.p.PoolBase [PoolBase.java:176] HikariPool-1 - Failed to validate connection com.mysql.cj.jdbc.ConnectionImpl@7a029b1f (No operations allowed after connection closed.). Possibly consider using a shorter maxLifetime value.
2020-02-13 22:03:11,680 WARN [http-nio-8081-exec-2] c.z.h.p.PoolBase [PoolBase.java:176] HikariPool-1 - Failed to validate connection com.mysql.cj.jdbc.ConnectionImpl@2a3c459a (No operations allowed after connection closed.). Possibly consider using a shorter maxLifetime value.
2020-02-13 22:03:16,683 WARN [http-nio-8081-exec-2] c.z.h.p.PoolBase [PoolBase.java:176] HikariPool-1 - Failed to validate connection com.mysql.cj.jdbc.ConnectionImpl@1184b4e7 (No operations allowed after connection closed.). Possibly consider using a shorter maxLifetime value.
2020-02-13 22:03:21,686 WARN [http-nio-8081-exec-2] c.z.h.p.PoolBase [PoolBase.java:176] HikariPool-1 - Failed to validate connection com.mysql.cj.jdbc.ConnectionImpl@393fa0c6 (No operations allowed after connection closed.). Possibly consider using a shorter maxLifetime value.
2020-02-13 22:11:33,745 WARN [restartedMain] o.s.b.a.t.ThymeleafAutoConfiguration$DefaultTemplateResolverConfiguration [ThymeleafAutoConfiguration.java:108] Cannot find template location: classpath:/templates/ (please add some templates or check your Thymeleaf configuration)
2020-02-13 22:19:04,764 WARN [http-nio-8081-exec-3] c.z.h.p.PoolBase [PoolBase.java:176] HikariPool-1 - Failed to validate connection com.mysql.cj.jdbc.ConnectionImpl@7c59d89f (No operations allowed after connection closed.). Possibly consider using a shorter maxLifetime value.
2020-02-13 22:19:07,767 WARN [http-nio-8081-exec-3] c.z.h.p.PoolBase [PoolBase.java:176] HikariPool-1 - Failed to validate connection com.mysql.cj.jdbc.ConnectionImpl@4bd7d9e5 (No operations allowed after connection closed.). Possibly consider using a shorter maxLifetime value.
2020-02-13 22:19:10,770 WARN [http-nio-8081-exec-3] c.z.h.p.PoolBase [PoolBase.java:176] HikariPool-1 - Failed to validate connection com.mysql.cj.jdbc.ConnectionImpl@79786d20 (No operations allowed after connection closed.). Possibly consider using a shorter maxLifetime value.
2020-02-13 22:19:13,773 WARN [http-nio-8081-exec-3] c.z.h.p.PoolBase [PoolBase.java:176] HikariPool-1 - Failed to validate connection com.mysql.cj.jdbc.ConnectionImpl@756f28c7 (No operations allowed after connection closed.). Possibly consider using a shorter maxLifetime value.
2020-02-13 22:19:16,774 WARN [http-nio-8081-exec-3] c.z.h.p.PoolBase [PoolBase.java:176] HikariPool-1 - Failed to validate connection com.mysql.cj.jdbc.ConnectionImpl@208e6939 (No operations allowed after connection closed.). Possibly consider using a shorter maxLifetime value.
2020-02-13 22:19:19,776 WARN [http-nio-8081-exec-3] c.z.h.p.PoolBase [PoolBase.java:176] HikariPool-1 - Failed to validate connection com.mysql.cj.jdbc.ConnectionImpl@5563843c (No operations allowed after connection closed.). Possibly consider using a shorter maxLifetime value.
2020-02-13 22:19:22,777 WARN [http-nio-8081-exec-3] c.z.h.p.PoolBase [PoolBase.java:176] HikariPool-1 - Failed to validate connection com.mysql.cj.jdbc.ConnectionImpl@6fc8e2dd (No operations allowed after connection closed.). Possibly consider using a shorter maxLifetime value.
2020-02-13 22:19:25,780 WARN [http-nio-8081-exec-3] c.z.h.p.PoolBase [PoolBase.java:176] HikariPool-1 - Failed to validate connection com.mysql.cj.jdbc.ConnectionImpl@63edd6f3 (No operations allowed after connection closed.). Possibly consider using a shorter maxLifetime value.
2020-02-13 22:19:28,783 WARN [http-nio-8081-exec-3] c.z.h.p.PoolBase [PoolBase.java:176] HikariPool-1 - Failed to validate connection com.mysql.cj.jdbc.ConnectionImpl@3079bc16 (No operations allowed after connection closed.). Possibly consider using a shorter maxLifetime value.
2020-02-13 22:19:31,785 WARN [http-nio-8081-exec-3] c.z.h.p.PoolBase [PoolBase.java:176] HikariPool-1 - Failed to validate connection com.mysql.cj.jdbc.ConnectionImpl@79f29c41 (No operations allowed after connection closed.). Possibly consider using a shorter maxLifetime value.
2020-02-13 22:19:34,787 WARN [http-nio-8081-exec-3] c.z.h.p.PoolBase [PoolBase.java:176] HikariPool-1 - Failed to validate connection com.mysql.cj.jdbc.ConnectionImpl@510457a8 (No operations allowed after connection closed.). Possibly consider using a shorter maxLifetime value.
2020-02-13 22:19:37,789 WARN [http-nio-8081-exec-3] c.z.h.p.PoolBase [PoolBase.java:176] HikariPool-1 - Failed to validate connection com.mysql.cj.jdbc.ConnectionImpl@5c535935 (No operations allowed after connection closed.). Possibly consider using a shorter maxLifetime value.
2020-02-13 22:19:40,791 WARN [http-nio-8081-exec-3] c.z.h.p.PoolBase [PoolBase.java:176] HikariPool-1 - Failed to validate connection com.mysql.cj.jdbc.ConnectionImpl@2137d7a5 (No operations allowed after connection closed.). Possibly consider using a shorter maxLifetime value.
2020-02-13 22:19:43,794 WARN [http-nio-8081-exec-3] c.z.h.p.PoolBase [PoolBase.java:176] HikariPool-1 - Failed to validate connection com.mysql.cj.jdbc.ConnectionImpl@4c4a5756 (No operations allowed after connection closed.). Possibly consider using a shorter maxLifetime value.
2020-02-13 22:19:46,796 WARN [http-nio-8081-exec-3] c.z.h.p.PoolBase [PoolBase.java:176] HikariPool-1 - Failed to validate connection com.mysql.cj.jdbc.ConnectionImpl@3f00f060 (No operations allowed after connection closed.). Possibly consider using a shorter maxLifetime value.
2020-02-13 22:19:49,800 WARN [http-nio-8081-exec-3] c.z.h.p.PoolBase [PoolBase.java:176] HikariPool-1 - Failed to validate connection com.mysql.cj.jdbc.ConnectionImpl@7827fd4d (No operations allowed after connection closed.). Possibly consider using a shorter maxLifetime value.
2020-02-13 22:21:39,982 WARN [restartedMain] o.s.b.a.t.ThymeleafAutoConfiguration$DefaultTemplateResolverConfiguration [ThymeleafAutoConfiguration.java:108] Cannot find template location: classpath:/templates/ (please add some templates or check your Thymeleaf configuration)
2020-02-13 22:27:01,031 WARN [http-nio-8081-exec-2] c.z.h.p.PoolBase [PoolBase.java:176] HikariPool-1 - Failed to validate connection com.mysql.cj.jdbc.ConnectionImpl@506b4ac5 (No operations allowed after connection closed.). Possibly consider using a shorter maxLifetime value.
2020-02-13 22:27:06,034 WARN [http-nio-8081-exec-2] c.z.h.p.PoolBase [PoolBase.java:176] HikariPool-1 - Failed to validate connection com.mysql.cj.jdbc.ConnectionImpl@3b2c9d19 (No operations allowed after connection closed.). Possibly consider using a shorter maxLifetime value.
2020-02-13 22:27:46,056 WARN [restartedMain] o.s.b.a.t.ThymeleafAutoConfiguration$DefaultTemplateResolverConfiguration [ThymeleafAutoConfiguration.java:108] Cannot find template location: classpath:/templates/ (please add some templates or check your Thymeleaf configuration)
2020-02-13 22:28:10,621 WARN [http-nio-8081-exec-1] c.z.h.HikariConfig [HikariConfig.java:968] HikariPool-1 - maxLifetime is less than 30000ms, setting to default 1800000ms.
2020-02-13 22:28:10,623 WARN [http-nio-8081-exec-1] c.z.h.HikariConfig [HikariConfig.java:978] HikariPool-1 - idleTimeout is less than 10000ms, setting to default 600000ms.
2020-02-13 22:42:19,870 WARN [http-nio-8081-exec-3] c.z.h.p.PoolBase [PoolBase.java:176] HikariPool-1 - Failed to validate connection com.mysql.cj.jdbc.ConnectionImpl@6ee4eebf (No operations allowed after connection closed.). Possibly consider using a shorter maxLifetime value.
2020-02-13 22:42:22,873 WARN [http-nio-8081-exec-3] c.z.h.p.PoolBase [PoolBase.java:176] HikariPool-1 - Failed to validate connection com.mysql.cj.jdbc.ConnectionImpl@51509597 (No operations allowed after connection closed.). Possibly consider using a shorter maxLifetime value.
2020-02-13 22:42:25,876 WARN [http-nio-8081-exec-3] c.z.h.p.PoolBase [PoolBase.java:176] HikariPool-1 - Failed to validate connection com.mysql.cj.jdbc.ConnectionImpl@18881814 (No operations allowed after connection closed.). Possibly consider using a shorter maxLifetime value.
2020-02-13 22:42:28,878 WARN [http-nio-8081-exec-3] c.z.h.p.PoolBase [PoolBase.java:176] HikariPool-1 - Failed to validate connection com.mysql.cj.jdbc.ConnectionImpl@4ac3a9d (No operations allowed after connection closed.). Possibly consider using a shorter maxLifetime value.
2020-02-13 22:42:31,880 WARN [http-nio-8081-exec-3] c.z.h.p.PoolBase [PoolBase.java:176] HikariPool-1 - Failed to validate connection com.mysql.cj.jdbc.ConnectionImpl@19e24cec (No operations allowed after connection closed.). Possibly consider using a shorter maxLifetime value.
2020-02-13 22:42:34,883 WARN [http-nio-8081-exec-3] c.z.h.p.PoolBase [PoolBase.java:176] HikariPool-1 - Failed to validate connection com.mysql.cj.jdbc.ConnectionImpl@4ccb8e6a (No operations allowed after connection closed.). Possibly consider using a shorter maxLifetime value.
2020-02-13 22:42:37,884 WARN [http-nio-8081-exec-3] c.z.h.p.PoolBase [PoolBase.java:176] HikariPool-1 - Failed to validate connection com.mysql.cj.jdbc.ConnectionImpl@14db775f (No operations allowed after connection closed.). Possibly consider using a shorter maxLifetime value.
2020-02-13 22:42:40,887 WARN [http-nio-8081-exec-3] c.z.h.p.PoolBase [PoolBase.java:176] HikariPool-1 - Failed to validate connection com.mysql.cj.jdbc.ConnectionImpl@7146df8b (No operations allowed after connection closed.). Possibly consider using a shorter maxLifetime value.
2020-02-13 22:42:43,888 WARN [http-nio-8081-exec-3] c.z.h.p.PoolBase [PoolBase.java:176] HikariPool-1 - Failed to validate connection com.mysql.cj.jdbc.ConnectionImpl@7a486863 (No operations allowed after connection closed.). Possibly consider using a shorter maxLifetime value.
2020-02-13 22:42:46,890 WARN [http-nio-8081-exec-3] c.z.h.p.PoolBase [PoolBase.java:176] HikariPool-1 - Failed to validate connection com.mysql.cj.jdbc.ConnectionImpl@6ae0019e (No operations allowed after connection closed.). Possibly consider using a shorter maxLifetime value.
2020-02-13 22:42:49,891 WARN [http-nio-8081-exec-3] c.z.h.p.PoolBase [PoolBase.java:176] HikariPool-1 - Failed to validate connection com.mysql.cj.jdbc.ConnectionImpl@254ee212 (No operations allowed after connection closed.). Possibly consider using a shorter maxLifetime value.
2020-02-13 22:42:52,893 WARN [http-nio-8081-exec-3] c.z.h.p.PoolBase [PoolBase.java:176] HikariPool-1 - Failed to validate connection com.mysql.cj.jdbc.ConnectionImpl@6233cbb7 (No operations allowed after connection closed.). Possibly consider using a shorter maxLifetime value.
2020-02-13 22:42:55,895 WARN [http-nio-8081-exec-3] c.z.h.p.PoolBase [PoolBase.java:176] HikariPool-1 - Failed to validate connection com.mysql.cj.jdbc.ConnectionImpl@5b01bce2 (No operations allowed after connection closed.). Possibly consider using a shorter maxLifetime value.
2020-02-13 22:42:58,898 WARN [http-nio-8081-exec-3] c.z.h.p.PoolBase [PoolBase.java:176] HikariPool-1 - Failed to validate connection com.mysql.cj.jdbc.ConnectionImpl@3187aaed (No operations allowed after connection closed.). Possibly consider using a shorter maxLifetime value.
2020-02-13 22:43:00,933 WARN [http-nio-8081-exec-4] c.z.h.p.PoolBase [PoolBase.java:176] HikariPool-1 - Failed to validate connection com.mysql.cj.jdbc.ConnectionImpl@417c6a3c (No operations allowed after connection closed.). Possibly consider using a shorter maxLifetime value.
2020-02-13 22:43:01,900 WARN [http-nio-8081-exec-3] c.z.h.p.PoolBase [PoolBase.java:176] HikariPool-1 - Failed to validate connection com.mysql.cj.jdbc.ConnectionImpl@4929c8a5 (No operations allowed after connection closed.). Possibly consider using a shorter maxLifetime value.
2020-02-13 22:43:03,934 WARN [http-nio-8081-exec-4] c.z.h.p.PoolBase [PoolBase.java:176] HikariPool-1 - Failed to validate connection com.mysql.cj.jdbc.ConnectionImpl@4543f6cb (No operations allowed after connection closed.). Possibly consider using a shorter maxLifetime value.
2020-02-13 22:43:04,902 WARN [http-nio-8081-exec-3] c.z.h.p.PoolBase [PoolBase.java:176] HikariPool-1 - Failed to validate connection com.mysql.cj.jdbc.ConnectionImpl@45f5d3af (No operations allowed after connection closed.). Possibly consider using a shorter maxLifetime value.
2020-02-13 22:43:06,937 WARN [http-nio-8081-exec-4] c.z.h.p.PoolBase [PoolBase.java:176] HikariPool-1 - Failed to validate connection com.mysql.cj.jdbc.ConnectionImpl@416007 (No operations allowed after connection closed.). Possibly consider using a shorter maxLifetime value.
2020-02-13 22:43:07,906 WARN [http-nio-8081-exec-3] c.z.h.p.PoolBase [PoolBase.java:176] HikariPool-1 - Failed to validate connection com.mysql.cj.jdbc.ConnectionImpl@7a44bdc4 (No operations allowed after connection closed.). Possibly consider using a shorter maxLifetime value.
2020-02-13 22:51:05,241 WARN [restartedMain] o.s.b.a.t.ThymeleafAutoConfiguration$DefaultTemplateResolverConfiguration [ThymeleafAutoConfiguration.java:108] Cannot find template location: classpath:/templates/ (please add some templates or check your Thymeleaf configuration)
2020-02-13 22:51:10,632 WARN [main] o.s.b.a.t.ThymeleafAutoConfiguration$DefaultTemplateResolverConfiguration [ThymeleafAutoConfiguration.java:108] Cannot find template location: classpath:/templates/ (please add some templates or check your Thymeleaf configuration)
2020-02-13 22:51:11,357 WARN [main] c.z.h.HikariConfig [HikariConfig.java:968] HikariPool-1 - maxLifetime is less than 30000ms, setting to default 1800000ms.
2020-02-13 22:51:11,360 WARN [main] c.z.h.HikariConfig [HikariConfig.java:978] HikariPool-1 - idleTimeout is less than 10000ms, setting to default 600000ms.
2020-02-13 22:51:36,897 WARN [main] o.s.b.a.t.ThymeleafAutoConfiguration$DefaultTemplateResolverConfiguration [ThymeleafAutoConfiguration.java:108] Cannot find template location: classpath:/templates/ (please add some templates or check your Thymeleaf configuration)
2020-02-13 22:51:37,623 WARN [main] c.z.h.HikariConfig [HikariConfig.java:968] HikariPool-1 - maxLifetime is less than 30000ms, setting to default 1800000ms.
2020-02-13 22:51:37,625 WARN [main] c.z.h.HikariConfig [HikariConfig.java:978] HikariPool-1 - idleTimeout is less than 10000ms, setting to default 600000ms.
2020-02-13 22:52:00,194 WARN [main] o.s.b.a.t.ThymeleafAutoConfiguration$DefaultTemplateResolverConfiguration [ThymeleafAutoConfiguration.java:108] Cannot find template location: classpath:/templates/ (please add some templates or check your Thymeleaf configuration)
2020-02-13 22:52:00,940 WARN [main] c.z.h.HikariConfig [HikariConfig.java:968] HikariPool-1 - maxLifetime is less than 30000ms, setting to default 1800000ms.
2020-02-13 22:52:00,943 WARN [main] c.z.h.HikariConfig [HikariConfig.java:978] HikariPool-1 - idleTimeout is less than 10000ms, setting to default 600000ms.
2020-02-13 22:52:34,882 WARN [main] o.s.b.a.t.ThymeleafAutoConfiguration$DefaultTemplateResolverConfiguration [ThymeleafAutoConfiguration.java:108] Cannot find template location: classpath:/templates/ (please add some templates or check your Thymeleaf configuration)
2020-02-13 22:52:35,594 WARN [main] c.z.h.HikariConfig [HikariConfig.java:968] HikariPool-1 - maxLifetime is less than 30000ms, setting to default 1800000ms.
2020-02-13 22:52:35,597 WARN [main] c.z.h.HikariConfig [HikariConfig.java:978] HikariPool-1 - idleTimeout is less than 10000ms, setting to default 600000ms.
2020-02-13 22:53:04,072 WARN [main] o.s.b.a.t.ThymeleafAutoConfiguration$DefaultTemplateResolverConfiguration [ThymeleafAutoConfiguration.java:108] Cannot find template location: classpath:/templates/ (please add some templates or check your Thymeleaf configuration)
2020-02-13 22:53:04,803 WARN [main] c.z.h.HikariConfig [HikariConfig.java:968] HikariPool-1 - maxLifetime is less than 30000ms, setting to default 1800000ms.
2020-02-13 22:53:04,805 WARN [main] c.z.h.HikariConfig [HikariConfig.java:978] HikariPool-1 - idleTimeout is less than 10000ms, setting to default 600000ms.
2020-02-13 22:53:40,035 WARN [main] o.s.b.a.t.ThymeleafAutoConfiguration$DefaultTemplateResolverConfiguration [ThymeleafAutoConfiguration.java:108] Cannot find template location: classpath:/templates/ (please add some templates or check your Thymeleaf configuration)
2020-02-13 22:53:41,032 WARN [main] c.z.h.HikariConfig [HikariConfig.java:968] HikariPool-1 - maxLifetime is less than 30000ms, setting to default 1800000ms.
2020-02-13 22:53:41,035 WARN [main] c.z.h.HikariConfig [HikariConfig.java:978] HikariPool-1 - idleTimeout is less than 10000ms, setting to default 600000ms.
2020-02-13 22:55:55,581 WARN [main] o.s.b.a.t.ThymeleafAutoConfiguration$DefaultTemplateResolverConfiguration [ThymeleafAutoConfiguration.java:108] Cannot find template location: classpath:/templates/ (please add some templates or check your Thymeleaf configuration)
2020-02-13 22:55:56,462 WARN [main] c.z.h.HikariConfig [HikariConfig.java:968] HikariPool-1 - maxLifetime is less than 30000ms, setting to default 1800000ms.
2020-02-13 22:55:56,465 WARN [main] c.z.h.HikariConfig [HikariConfig.java:978] HikariPool-1 - idleTimeout is less than 10000ms, setting to default 600000ms.
2020-02-13 22:56:40,791 WARN [main] o.s.b.a.t.ThymeleafAutoConfiguration$DefaultTemplateResolverConfiguration [ThymeleafAutoConfiguration.java:108] Cannot find template location: classpath:/templates/ (please add some templates or check your Thymeleaf configuration)
2020-02-13 22:56:41,611 WARN [main] c.z.h.HikariConfig [HikariConfig.java:968] HikariPool-1 - maxLifetime is less than 30000ms, setting to default 1800000ms.
2020-02-13 22:56:41,614 WARN [main] c.z.h.HikariConfig [HikariConfig.java:978] HikariPool-1 - idleTimeout is less than 10000ms, setting to default 600000ms.
2020-02-13 22:59:52,627 WARN [main] o.s.b.a.t.ThymeleafAutoConfiguration$DefaultTemplateResolverConfiguration [ThymeleafAutoConfiguration.java:108] Cannot find template location: classpath:/templates/ (please add some templates or check your Thymeleaf configuration)
2020-02-13 23:02:17,439 WARN [main] o.s.b.a.t.ThymeleafAutoConfiguration$DefaultTemplateResolverConfiguration [ThymeleafAutoConfiguration.java:108] Cannot find template location: classpath:/templates/ (please add some templates or check your Thymeleaf configuration)
2020-02-13 23:03:30,483 WARN [main] o.s.b.a.t.ThymeleafAutoConfiguration$DefaultTemplateResolverConfiguration [ThymeleafAutoConfiguration.java:108] Cannot find template location: classpath:/templates/ (please add some templates or check your Thymeleaf configuration)
2020-02-13 23:05:03,595 WARN [main] o.s.b.a.t.ThymeleafAutoConfiguration$DefaultTemplateResolverConfiguration [ThymeleafAutoConfiguration.java:108] Cannot find template location: classpath:/templates/ (please add some templates or check your Thymeleaf configuration)
2020-02-13 23:07:37,805 WARN [restartedMain] o.s.b.a.t.ThymeleafAutoConfiguration$DefaultTemplateResolverConfiguration [ThymeleafAutoConfiguration.java:108] Cannot find template location: classpath:/templates/ (please add some templates or check your Thymeleaf configuration)
2020-02-13 23:08:39,179 WARN [restartedMain] o.s.b.a.t.ThymeleafAutoConfiguration$DefaultTemplateResolverConfiguration [ThymeleafAutoConfiguration.java:108] Cannot find template location: classpath:/templates/ (please add some templates or check your Thymeleaf configuration)
2020-02-13 23:10:51,250 WARN [HikariPool-1 housekeeper] c.z.h.p.HikariPool [HikariPool.java:766] HikariPool-1 - Thread starvation or clock leap detected (housekeeper delta=52s274ms346µs1ns).
2020-02-13 23:12:32,708 WARN [restartedMain] o.s.b.a.t.ThymeleafAutoConfiguration$DefaultTemplateResolverConfiguration [ThymeleafAutoConfiguration.java:108] Cannot find template location: classpath:/templates/ (please add some templates or check your Thymeleaf configuration)
2020-02-13 23:14:42,951 WARN [restartedMain] o.s.b.a.t.ThymeleafAutoConfiguration$DefaultTemplateResolverConfiguration [ThymeleafAutoConfiguration.java:108] Cannot find template location: classpath:/templates/ (please add some templates or check your Thymeleaf configuration)
