2020-02-18 22:46:38,903 INFO [main] c.n.c.RedisTests [StartupInfoLogger.java:50] Starting RedisTests on RISOYO-DESKTOP with PID 9940 (started by yingl in D:\Project\nowcoder\Nowcoding)
2020-02-18 22:46:38,924 INFO [main] c.n.c.RedisTests [SpringApplication.java:675] No active profile set, falling back to default profiles: default
2020-02-18 22:46:40,053 INFO [main] o.s.d.r.c.RepositoryConfigurationDelegate [RepositoryConfigurationDelegate.java:244] Multiple Spring Data modules found, entering strict repository configuration mode!
2020-02-18 22:46:40,058 INFO [main] o.s.d.r.c.RepositoryConfigurationDelegate [RepositoryConfigurationDelegate.java:126] Bootstrapping Spring Data repositories in DEFAULT mode.
2020-02-18 22:46:40,092 INFO [main] o.s.d.r.c.RepositoryConfigurationDelegate [RepositoryConfigurationDelegate.java:182] Finished Spring Data repository scanning in 14ms. Found 0 repository interfaces.
2020-02-18 22:46:40,716 INFO [main] o.s.c.s.PostProcessorRegistrationDelegate$BeanPostProcessorChecker [PostProcessorRegistrationDelegate.java:330] Bean 'org.springframework.transaction.annotation.ProxyTransactionManagementConfiguration' of type [org.springframework.transaction.annotation.ProxyTransactionManagementConfiguration$$EnhancerBySpringCGLIB$$da252e8e] is not eligible for getting processed by all BeanPostProcessors (for example: not eligible for auto-proxying)
2020-02-18 22:46:42,749 INFO [main] o.s.s.c.ThreadPoolTaskExecutor [ExecutorConfigurationSupport.java:171] Initializing ExecutorService 'applicationTaskExecutor'
2020-02-18 22:46:43,558 INFO [main] c.n.c.RedisTests [StartupInfoLogger.java:59] Started RedisTests in 5.267 seconds (JVM running for 6.73)
2020-02-18 22:46:44,023 INFO [main] i.l.c.EpollProvider [EpollProvider.java:68] Starting without optional epoll library
2020-02-18 22:46:44,025 INFO [main] i.l.c.KqueueProvider [KqueueProvider.java:70] Starting without optional kqueue library
2020-02-18 22:46:45,041 INFO [Thread-3] o.s.s.c.ThreadPoolTaskExecutor [ExecutorConfigurationSupport.java:208] Shutting down ExecutorService 'applicationTaskExecutor'
2020-02-18 22:47:10,479 INFO [main] c.n.c.RedisTests [StartupInfoLogger.java:50] Starting RedisTests on RISOYO-DESKTOP with PID 3376 (started by yingl in D:\Project\nowcoder\Nowcoding)
2020-02-18 22:47:10,482 INFO [main] c.n.c.RedisTests [SpringApplication.java:675] No active profile set, falling back to default profiles: default
2020-02-18 22:47:11,712 INFO [main] o.s.d.r.c.RepositoryConfigurationDelegate [RepositoryConfigurationDelegate.java:244] Multiple Spring Data modules found, entering strict repository configuration mode!
2020-02-18 22:47:11,718 INFO [main] o.s.d.r.c.RepositoryConfigurationDelegate [RepositoryConfigurationDelegate.java:126] Bootstrapping Spring Data repositories in DEFAULT mode.
2020-02-18 22:47:11,761 INFO [main] o.s.d.r.c.RepositoryConfigurationDelegate [RepositoryConfigurationDelegate.java:182] Finished Spring Data repository scanning in 16ms. Found 0 repository interfaces.
2020-02-18 22:47:12,335 INFO [main] o.s.c.s.PostProcessorRegistrationDelegate$BeanPostProcessorChecker [PostProcessorRegistrationDelegate.java:330] Bean 'org.springframework.transaction.annotation.ProxyTransactionManagementConfiguration' of type [org.springframework.transaction.annotation.ProxyTransactionManagementConfiguration$$EnhancerBySpringCGLIB$$97adddba] is not eligible for getting processed by all BeanPostProcessors (for example: not eligible for auto-proxying)
2020-02-18 22:47:14,107 INFO [main] o.s.s.c.ThreadPoolTaskExecutor [ExecutorConfigurationSupport.java:171] Initializing ExecutorService 'applicationTaskExecutor'
2020-02-18 22:47:14,917 INFO [main] c.n.c.RedisTests [StartupInfoLogger.java:59] Started RedisTests in 5.014 seconds (JVM running for 6.099)
2020-02-18 22:47:15,299 INFO [main] i.l.c.EpollProvider [EpollProvider.java:68] Starting without optional epoll library
2020-02-18 22:47:15,301 INFO [main] i.l.c.KqueueProvider [KqueueProvider.java:70] Starting without optional kqueue library
2020-02-18 22:47:16,351 INFO [Thread-3] o.s.s.c.ThreadPoolTaskExecutor [ExecutorConfigurationSupport.java:208] Shutting down ExecutorService 'applicationTaskExecutor'
2020-02-18 22:48:09,417 INFO [main] c.n.c.RedisTests [StartupInfoLogger.java:50] Starting RedisTests on RISOYO-DESKTOP with PID 348 (started by yingl in D:\Project\nowcoder\Nowcoding)
2020-02-18 22:48:09,421 INFO [main] c.n.c.RedisTests [SpringApplication.java:675] No active profile set, falling back to default profiles: default
2020-02-18 22:48:10,702 INFO [main] o.s.d.r.c.RepositoryConfigurationDelegate [RepositoryConfigurationDelegate.java:244] Multiple Spring Data modules found, entering strict repository configuration mode!
2020-02-18 22:48:10,707 INFO [main] o.s.d.r.c.RepositoryConfigurationDelegate [RepositoryConfigurationDelegate.java:126] Bootstrapping Spring Data repositories in DEFAULT mode.
2020-02-18 22:48:10,751 INFO [main] o.s.d.r.c.RepositoryConfigurationDelegate [RepositoryConfigurationDelegate.java:182] Finished Spring Data repository scanning in 19ms. Found 0 repository interfaces.
2020-02-18 22:48:11,405 INFO [main] o.s.c.s.PostProcessorRegistrationDelegate$BeanPostProcessorChecker [PostProcessorRegistrationDelegate.java:330] Bean 'org.springframework.transaction.annotation.ProxyTransactionManagementConfiguration' of type [org.springframework.transaction.annotation.ProxyTransactionManagementConfiguration$$EnhancerBySpringCGLIB$$c7c17d54] is not eligible for getting processed by all BeanPostProcessors (for example: not eligible for auto-proxying)
2020-02-18 22:48:13,209 INFO [main] o.s.s.c.ThreadPoolTaskExecutor [ExecutorConfigurationSupport.java:171] Initializing ExecutorService 'applicationTaskExecutor'
2020-02-18 22:48:14,002 INFO [main] c.n.c.RedisTests [StartupInfoLogger.java:59] Started RedisTests in 5.234 seconds (JVM running for 6.38)
2020-02-18 22:48:14,328 INFO [main] i.l.c.EpollProvider [EpollProvider.java:68] Starting without optional epoll library
2020-02-18 22:48:14,331 INFO [main] i.l.c.KqueueProvider [KqueueProvider.java:70] Starting without optional kqueue library
2020-02-18 22:48:15,311 INFO [Thread-3] o.s.s.c.ThreadPoolTaskExecutor [ExecutorConfigurationSupport.java:208] Shutting down ExecutorService 'applicationTaskExecutor'
2020-02-18 22:48:26,707 INFO [main] c.n.c.RedisTests [StartupInfoLogger.java:50] Starting RedisTests on RISOYO-DESKTOP with PID 16620 (started by yingl in D:\Project\nowcoder\Nowcoding)
2020-02-18 22:48:26,710 INFO [main] c.n.c.RedisTests [SpringApplication.java:675] No active profile set, falling back to default profiles: default
2020-02-18 22:48:27,894 INFO [main] o.s.d.r.c.RepositoryConfigurationDelegate [RepositoryConfigurationDelegate.java:244] Multiple Spring Data modules found, entering strict repository configuration mode!
2020-02-18 22:48:27,900 INFO [main] o.s.d.r.c.RepositoryConfigurationDelegate [RepositoryConfigurationDelegate.java:126] Bootstrapping Spring Data repositories in DEFAULT mode.
2020-02-18 22:48:27,933 INFO [main] o.s.d.r.c.RepositoryConfigurationDelegate [RepositoryConfigurationDelegate.java:182] Finished Spring Data repository scanning in 15ms. Found 0 repository interfaces.
2020-02-18 22:48:28,495 INFO [main] o.s.c.s.PostProcessorRegistrationDelegate$BeanPostProcessorChecker [PostProcessorRegistrationDelegate.java:330] Bean 'org.springframework.transaction.annotation.ProxyTransactionManagementConfiguration' of type [org.springframework.transaction.annotation.ProxyTransactionManagementConfiguration$$EnhancerBySpringCGLIB$$80e48015] is not eligible for getting processed by all BeanPostProcessors (for example: not eligible for auto-proxying)
2020-02-18 22:48:30,303 INFO [main] o.s.s.c.ThreadPoolTaskExecutor [ExecutorConfigurationSupport.java:171] Initializing ExecutorService 'applicationTaskExecutor'
2020-02-18 22:48:31,096 INFO [main] c.n.c.RedisTests [StartupInfoLogger.java:59] Started RedisTests in 5.04 seconds (JVM running for 6.218)
2020-02-18 22:48:31,451 INFO [main] i.l.c.EpollProvider [EpollProvider.java:68] Starting without optional epoll library
2020-02-18 22:48:31,453 INFO [main] i.l.c.KqueueProvider [KqueueProvider.java:70] Starting without optional kqueue library
2020-02-18 22:48:32,425 INFO [Thread-3] o.s.s.c.ThreadPoolTaskExecutor [ExecutorConfigurationSupport.java:208] Shutting down ExecutorService 'applicationTaskExecutor'
2020-02-18 22:52:18,744 INFO [main] c.n.c.RedisTests [StartupInfoLogger.java:50] Starting RedisTests on RISOYO-DESKTOP with PID 4684 (started by yingl in D:\Project\nowcoder\Nowcoding)
2020-02-18 22:52:18,747 INFO [main] c.n.c.RedisTests [SpringApplication.java:675] No active profile set, falling back to default profiles: default
2020-02-18 22:52:19,916 INFO [main] o.s.d.r.c.RepositoryConfigurationDelegate [RepositoryConfigurationDelegate.java:244] Multiple Spring Data modules found, entering strict repository configuration mode!
2020-02-18 22:52:19,916 INFO [main] o.s.d.r.c.RepositoryConfigurationDelegate [RepositoryConfigurationDelegate.java:126] Bootstrapping Spring Data repositories in DEFAULT mode.
2020-02-18 22:52:19,947 INFO [main] o.s.d.r.c.RepositoryConfigurationDelegate [RepositoryConfigurationDelegate.java:182] Finished Spring Data repository scanning in 15ms. Found 0 repository interfaces.
2020-02-18 22:52:20,529 INFO [main] o.s.c.s.PostProcessorRegistrationDelegate$BeanPostProcessorChecker [PostProcessorRegistrationDelegate.java:330] Bean 'org.springframework.transaction.annotation.ProxyTransactionManagementConfiguration' of type [org.springframework.transaction.annotation.ProxyTransactionManagementConfiguration$$EnhancerBySpringCGLIB$$49c14a4a] is not eligible for getting processed by all BeanPostProcessors (for example: not eligible for auto-proxying)
2020-02-18 22:52:22,334 INFO [main] o.s.s.c.ThreadPoolTaskExecutor [ExecutorConfigurationSupport.java:171] Initializing ExecutorService 'applicationTaskExecutor'
2020-02-18 22:52:23,083 INFO [main] c.n.c.RedisTests [StartupInfoLogger.java:59] Started RedisTests in 4.88 seconds (JVM running for 5.907)
2020-02-18 22:52:23,423 INFO [main] i.l.c.EpollProvider [EpollProvider.java:68] Starting without optional epoll library
2020-02-18 22:52:23,425 INFO [main] i.l.c.KqueueProvider [KqueueProvider.java:70] Starting without optional kqueue library
2020-02-18 22:52:24,433 INFO [Thread-3] o.s.s.c.ThreadPoolTaskExecutor [ExecutorConfigurationSupport.java:208] Shutting down ExecutorService 'applicationTaskExecutor'
2020-02-18 22:55:55,604 INFO [main] c.n.c.RedisTests [StartupInfoLogger.java:50] Starting RedisTests on RISOYO-DESKTOP with PID 2444 (started by yingl in D:\Project\nowcoder\Nowcoding)
2020-02-18 22:55:55,607 INFO [main] c.n.c.RedisTests [SpringApplication.java:675] No active profile set, falling back to default profiles: default
2020-02-18 22:55:57,073 INFO [main] o.s.d.r.c.RepositoryConfigurationDelegate [RepositoryConfigurationDelegate.java:244] Multiple Spring Data modules found, entering strict repository configuration mode!
2020-02-18 22:55:57,073 INFO [main] o.s.d.r.c.RepositoryConfigurationDelegate [RepositoryConfigurationDelegate.java:126] Bootstrapping Spring Data repositories in DEFAULT mode.
2020-02-18 22:55:57,104 INFO [main] o.s.d.r.c.RepositoryConfigurationDelegate [RepositoryConfigurationDelegate.java:182] Finished Spring Data repository scanning in 16ms. Found 0 repository interfaces.
2020-02-18 22:55:57,654 INFO [main] o.s.c.s.PostProcessorRegistrationDelegate$BeanPostProcessorChecker [PostProcessorRegistrationDelegate.java:330] Bean 'org.springframework.transaction.annotation.ProxyTransactionManagementConfiguration' of type [org.springframework.transaction.annotation.ProxyTransactionManagementConfiguration$$EnhancerBySpringCGLIB$$77963e00] is not eligible for getting processed by all BeanPostProcessors (for example: not eligible for auto-proxying)
2020-02-18 22:55:59,654 INFO [main] o.s.s.c.ThreadPoolTaskExecutor [ExecutorConfigurationSupport.java:171] Initializing ExecutorService 'applicationTaskExecutor'
2020-02-18 22:56:00,687 INFO [main] c.n.c.RedisTests [StartupInfoLogger.java:59] Started RedisTests in 5.836 seconds (JVM running for 6.97)
2020-02-18 22:56:01,154 INFO [main] i.l.c.EpollProvider [EpollProvider.java:68] Starting without optional epoll library
2020-02-18 22:56:01,156 INFO [main] i.l.c.KqueueProvider [KqueueProvider.java:70] Starting without optional kqueue library
2020-02-18 22:56:02,292 INFO [Thread-3] o.s.s.c.ThreadPoolTaskExecutor [ExecutorConfigurationSupport.java:208] Shutting down ExecutorService 'applicationTaskExecutor'
2020-02-18 22:56:24,517 INFO [main] c.n.c.RedisTests [StartupInfoLogger.java:50] Starting RedisTests on RISOYO-DESKTOP with PID 13192 (started by yingl in D:\Project\nowcoder\Nowcoding)
2020-02-18 22:56:24,521 INFO [main] c.n.c.RedisTests [SpringApplication.java:675] No active profile set, falling back to default profiles: default
2020-02-18 22:56:25,808 INFO [main] o.s.d.r.c.RepositoryConfigurationDelegate [RepositoryConfigurationDelegate.java:244] Multiple Spring Data modules found, entering strict repository configuration mode!
2020-02-18 22:56:25,814 INFO [main] o.s.d.r.c.RepositoryConfigurationDelegate [RepositoryConfigurationDelegate.java:126] Bootstrapping Spring Data repositories in DEFAULT mode.
2020-02-18 22:56:25,864 INFO [main] o.s.d.r.c.RepositoryConfigurationDelegate [RepositoryConfigurationDelegate.java:182] Finished Spring Data repository scanning in 22ms. Found 0 repository interfaces.
2020-02-18 22:56:26,756 INFO [main] o.s.c.s.PostProcessorRegistrationDelegate$BeanPostProcessorChecker [PostProcessorRegistrationDelegate.java:330] Bean 'org.springframework.transaction.annotation.ProxyTransactionManagementConfiguration' of type [org.springframework.transaction.annotation.ProxyTransactionManagementConfiguration$$EnhancerBySpringCGLIB$$35c6056e] is not eligible for getting processed by all BeanPostProcessors (for example: not eligible for auto-proxying)
2020-02-18 22:56:29,051 INFO [main] o.s.s.c.ThreadPoolTaskExecutor [ExecutorConfigurationSupport.java:171] Initializing ExecutorService 'applicationTaskExecutor'
2020-02-18 22:56:30,001 INFO [main] c.n.c.RedisTests [StartupInfoLogger.java:59] Started RedisTests in 6.134 seconds (JVM running for 8.496)
2020-02-18 22:56:30,448 INFO [main] i.l.c.EpollProvider [EpollProvider.java:68] Starting without optional epoll library
2020-02-18 22:56:30,451 INFO [main] i.l.c.KqueueProvider [KqueueProvider.java:70] Starting without optional kqueue library
2020-02-18 22:57:47,850 INFO [Thread-3] o.s.s.c.ThreadPoolTaskExecutor [ExecutorConfigurationSupport.java:208] Shutting down ExecutorService 'applicationTaskExecutor'
