2020-02-11 18:43:43,619 INFO [main] c.n.c.MailTest [StartupInfoLogger.java:50] Starting MailTest on DESKTOP-RM6ATF8 with PID 21760 (started by yingl in D:\Project\nowcoder\Nowcoding)
2020-02-11 18:43:43,631 INFO [main] c.n.c.MailTest [SpringApplication.java:675] No active profile set, falling back to default profiles: default
2020-02-11 18:43:47,304 INFO [main] o.s.s.c.ThreadPoolTaskExecutor [ExecutorConfigurationSupport.java:171] Initializing ExecutorService 'applicationTaskExecutor'
2020-02-11 18:43:49,293 INFO [main] c.n.c.MailTest [StartupInfoLogger.java:59] Started MailTest in 6.44 seconds (JVM running for 8.241)
2020-02-11 18:43:52,858 INFO [Thread-3] o.s.s.c.ThreadPoolTaskExecutor [ExecutorConfigurationSupport.java:208] Shutting down ExecutorService 'applicationTaskExecutor'
2020-02-11 19:51:18,953 INFO [main] c.n.c.RegisterTests [StartupInfoLogger.java:50] Starting RegisterTests on DESKTOP-RM6ATF8 with PID 8716 (started by yingl in D:\Project\nowcoder\Nowcoding)
2020-02-11 19:51:18,957 INFO [main] c.n.c.RegisterTests [SpringApplication.java:675] No active profile set, falling back to default profiles: default
2020-02-11 19:51:22,280 INFO [main] o.s.s.c.ThreadPoolTaskExecutor [ExecutorConfigurationSupport.java:171] Initializing ExecutorService 'applicationTaskExecutor'
2020-02-11 19:51:23,008 INFO [main] c.n.c.RegisterTests [StartupInfoLogger.java:59] Started RegisterTests in 4.651 seconds (JVM running for 5.908)
2020-02-11 19:51:23,312 INFO [Thread-3] o.s.s.c.ThreadPoolTaskExecutor [ExecutorConfigurationSupport.java:208] Shutting down ExecutorService 'applicationTaskExecutor'
2020-02-11 19:51:50,702 INFO [main] c.n.c.RegisterTests [StartupInfoLogger.java:50] Starting RegisterTests on DESKTOP-RM6ATF8 with PID 22204 (started by yingl in D:\Project\nowcoder\Nowcoding)
2020-02-11 19:51:50,705 INFO [main] c.n.c.RegisterTests [SpringApplication.java:675] No active profile set, falling back to default profiles: default
2020-02-11 19:51:53,784 INFO [main] o.s.s.c.ThreadPoolTaskExecutor [ExecutorConfigurationSupport.java:171] Initializing ExecutorService 'applicationTaskExecutor'
2020-02-11 19:51:54,528 INFO [main] c.n.c.RegisterTests [StartupInfoLogger.java:59] Started RegisterTests in 4.381 seconds (JVM running for 5.615)
2020-02-11 19:51:54,812 INFO [main] c.z.h.HikariDataSource [HikariDataSource.java:110] HikariPool-1 - Starting...
2020-02-11 19:51:55,489 INFO [main] c.z.h.HikariDataSource [HikariDataSource.java:123] HikariPool-1 - Start completed.
2020-02-11 19:51:55,615 INFO [Thread-3] o.s.s.c.ThreadPoolTaskExecutor [ExecutorConfigurationSupport.java:208] Shutting down ExecutorService 'applicationTaskExecutor'
2020-02-11 19:51:55,617 INFO [Thread-3] c.z.h.HikariDataSource [HikariDataSource.java:350] HikariPool-1 - Shutdown initiated...
2020-02-11 19:51:55,961 INFO [Thread-3] c.z.h.HikariDataSource [HikariDataSource.java:352] HikariPool-1 - Shutdown completed.
2020-02-11 19:52:25,848 INFO [main] c.n.c.RegisterTests [StartupInfoLogger.java:50] Starting RegisterTests on DESKTOP-RM6ATF8 with PID 13156 (started by yingl in D:\Project\nowcoder\Nowcoding)
2020-02-11 19:52:25,850 INFO [main] c.n.c.RegisterTests [SpringApplication.java:675] No active profile set, falling back to default profiles: default
2020-02-11 19:52:29,059 INFO [main] o.s.s.c.ThreadPoolTaskExecutor [ExecutorConfigurationSupport.java:171] Initializing ExecutorService 'applicationTaskExecutor'
2020-02-11 19:52:29,888 INFO [main] c.n.c.RegisterTests [StartupInfoLogger.java:59] Started RegisterTests in 4.634 seconds (JVM running for 5.852)
2020-02-11 19:52:30,237 INFO [main] c.z.h.HikariDataSource [HikariDataSource.java:110] HikariPool-1 - Starting...
2020-02-11 19:52:30,919 INFO [main] c.z.h.HikariDataSource [HikariDataSource.java:123] HikariPool-1 - Start completed.
2020-02-11 19:52:31,077 INFO [Thread-3] o.s.s.c.ThreadPoolTaskExecutor [ExecutorConfigurationSupport.java:208] Shutting down ExecutorService 'applicationTaskExecutor'
2020-02-11 19:52:31,080 INFO [Thread-3] c.z.h.HikariDataSource [HikariDataSource.java:350] HikariPool-1 - Shutdown initiated...
2020-02-11 19:52:31,387 INFO [Thread-3] c.z.h.HikariDataSource [HikariDataSource.java:352] HikariPool-1 - Shutdown completed.
2020-02-11 20:26:56,159 INFO [main] c.n.c.RegisterTests [StartupInfoLogger.java:50] Starting RegisterTests on DESKTOP-RM6ATF8 with PID 14388 (started by yingl in D:\Project\nowcoder\Nowcoding)
2020-02-11 20:26:56,163 INFO [main] c.n.c.RegisterTests [SpringApplication.java:675] No active profile set, falling back to default profiles: default
2020-02-11 20:26:59,386 INFO [main] o.s.s.c.ThreadPoolTaskExecutor [ExecutorConfigurationSupport.java:171] Initializing ExecutorService 'applicationTaskExecutor'
2020-02-11 20:27:00,196 INFO [main] c.n.c.RegisterTests [StartupInfoLogger.java:59] Started RegisterTests in 4.641 seconds (JVM running for 5.875)
2020-02-11 20:27:00,506 INFO [main] c.z.h.HikariDataSource [HikariDataSource.java:110] HikariPool-1 - Starting...
2020-02-11 20:27:01,203 INFO [main] c.z.h.HikariDataSource [HikariDataSource.java:123] HikariPool-1 - Start completed.
2020-02-11 20:27:01,439 INFO [Thread-3] o.s.s.c.ThreadPoolTaskExecutor [ExecutorConfigurationSupport.java:208] Shutting down ExecutorService 'applicationTaskExecutor'
2020-02-11 20:27:01,442 INFO [Thread-3] c.z.h.HikariDataSource [HikariDataSource.java:350] HikariPool-1 - Shutdown initiated...
2020-02-11 20:27:01,663 INFO [Thread-3] c.z.h.HikariDataSource [HikariDataSource.java:352] HikariPool-1 - Shutdown completed.
2020-02-11 20:29:12,428 INFO [main] c.n.c.RegisterTests [StartupInfoLogger.java:50] Starting RegisterTests on DESKTOP-RM6ATF8 with PID 18856 (started by yingl in D:\Project\nowcoder\Nowcoding)
2020-02-11 20:29:12,431 INFO [main] c.n.c.RegisterTests [SpringApplication.java:675] No active profile set, falling back to default profiles: default
2020-02-11 20:29:15,546 INFO [main] o.s.s.c.ThreadPoolTaskExecutor [ExecutorConfigurationSupport.java:171] Initializing ExecutorService 'applicationTaskExecutor'
2020-02-11 20:29:16,288 INFO [main] c.n.c.RegisterTests [StartupInfoLogger.java:59] Started RegisterTests in 4.463 seconds (JVM running for 5.784)
2020-02-11 20:29:16,574 INFO [main] c.z.h.HikariDataSource [HikariDataSource.java:110] HikariPool-1 - Starting...
2020-02-11 20:29:17,257 INFO [main] c.z.h.HikariDataSource [HikariDataSource.java:123] HikariPool-1 - Start completed.
2020-02-11 20:29:17,472 INFO [Thread-3] o.s.s.c.ThreadPoolTaskExecutor [ExecutorConfigurationSupport.java:208] Shutting down ExecutorService 'applicationTaskExecutor'
2020-02-11 20:29:17,475 INFO [Thread-3] c.z.h.HikariDataSource [HikariDataSource.java:350] HikariPool-1 - Shutdown initiated...
2020-02-11 20:29:17,766 INFO [Thread-3] c.z.h.HikariDataSource [HikariDataSource.java:352] HikariPool-1 - Shutdown completed.
2020-02-11 21:18:19,923 INFO [main] c.n.c.RegisterTests [StartupInfoLogger.java:50] Starting RegisterTests on DESKTOP-RM6ATF8 with PID 19324 (started by yingl in D:\Project\nowcoder\Nowcoding)
2020-02-11 21:18:19,926 INFO [main] c.n.c.RegisterTests [SpringApplication.java:675] No active profile set, falling back to default profiles: default
2020-02-11 21:18:23,131 INFO [main] o.s.s.c.ThreadPoolTaskExecutor [ExecutorConfigurationSupport.java:171] Initializing ExecutorService 'applicationTaskExecutor'
2020-02-11 21:18:23,867 INFO [main] c.n.c.RegisterTests [StartupInfoLogger.java:59] Started RegisterTests in 4.652 seconds (JVM running for 6.009)
2020-02-11 21:18:24,150 INFO [main] c.z.h.HikariDataSource [HikariDataSource.java:110] HikariPool-1 - Starting...
2020-02-11 21:18:24,824 INFO [main] c.z.h.HikariDataSource [HikariDataSource.java:123] HikariPool-1 - Start completed.
2020-02-11 21:18:24,948 INFO [Thread-3] o.s.s.c.ThreadPoolTaskExecutor [ExecutorConfigurationSupport.java:208] Shutting down ExecutorService 'applicationTaskExecutor'
2020-02-11 21:18:24,952 INFO [Thread-3] c.z.h.HikariDataSource [HikariDataSource.java:350] HikariPool-1 - Shutdown initiated...
2020-02-11 21:18:25,282 INFO [Thread-3] c.z.h.HikariDataSource [HikariDataSource.java:352] HikariPool-1 - Shutdown completed.
2020-02-11 21:19:23,407 INFO [main] c.n.c.RegisterTests [StartupInfoLogger.java:50] Starting RegisterTests on DESKTOP-RM6ATF8 with PID 15472 (started by yingl in D:\Project\nowcoder\Nowcoding)
2020-02-11 21:19:23,411 INFO [main] c.n.c.RegisterTests [SpringApplication.java:675] No active profile set, falling back to default profiles: default
2020-02-11 21:19:27,008 INFO [main] o.s.s.c.ThreadPoolTaskExecutor [ExecutorConfigurationSupport.java:171] Initializing ExecutorService 'applicationTaskExecutor'
2020-02-11 21:19:27,784 INFO [main] c.n.c.RegisterTests [StartupInfoLogger.java:59] Started RegisterTests in 4.963 seconds (JVM running for 6.251)
2020-02-11 21:19:28,070 INFO [main] c.z.h.HikariDataSource [HikariDataSource.java:110] HikariPool-1 - Starting...
2020-02-11 21:19:28,767 INFO [main] c.z.h.HikariDataSource [HikariDataSource.java:123] HikariPool-1 - Start completed.
2020-02-11 21:19:28,891 INFO [Thread-3] o.s.s.c.ThreadPoolTaskExecutor [ExecutorConfigurationSupport.java:208] Shutting down ExecutorService 'applicationTaskExecutor'
2020-02-11 21:19:28,894 INFO [Thread-3] c.z.h.HikariDataSource [HikariDataSource.java:350] HikariPool-1 - Shutdown initiated...
2020-02-11 21:19:29,241 INFO [Thread-3] c.z.h.HikariDataSource [HikariDataSource.java:352] HikariPool-1 - Shutdown completed.
2020-02-11 21:19:53,601 INFO [main] c.n.c.RegisterTests [StartupInfoLogger.java:50] Starting RegisterTests on DESKTOP-RM6ATF8 with PID 22900 (started by yingl in D:\Project\nowcoder\Nowcoding)
2020-02-11 21:19:53,603 INFO [main] c.n.c.RegisterTests [SpringApplication.java:675] No active profile set, falling back to default profiles: default
2020-02-11 21:19:57,931 INFO [main] o.s.s.c.ThreadPoolTaskExecutor [ExecutorConfigurationSupport.java:171] Initializing ExecutorService 'applicationTaskExecutor'
2020-02-11 21:19:58,922 INFO [main] c.n.c.RegisterTests [StartupInfoLogger.java:59] Started RegisterTests in 5.98 seconds (JVM running for 7.224)
2020-02-11 21:19:59,543 INFO [main] c.z.h.HikariDataSource [HikariDataSource.java:110] HikariPool-1 - Starting...
2020-02-11 21:20:00,286 INFO [main] c.z.h.HikariDataSource [HikariDataSource.java:123] HikariPool-1 - Start completed.
2020-02-11 21:20:00,422 INFO [Thread-3] o.s.s.c.ThreadPoolTaskExecutor [ExecutorConfigurationSupport.java:208] Shutting down ExecutorService 'applicationTaskExecutor'
2020-02-11 21:20:00,425 INFO [Thread-3] c.z.h.HikariDataSource [HikariDataSource.java:350] HikariPool-1 - Shutdown initiated...
2020-02-11 21:20:00,754 INFO [Thread-3] c.z.h.HikariDataSource [HikariDataSource.java:352] HikariPool-1 - Shutdown completed.
2020-02-11 21:28:25,791 INFO [main] c.n.c.RegisterTests [StartupInfoLogger.java:50] Starting RegisterTests on DESKTOP-RM6ATF8 with PID 22660 (started by yingl in D:\Project\nowcoder\Nowcoding)
2020-02-11 21:28:25,795 INFO [main] c.n.c.RegisterTests [SpringApplication.java:675] No active profile set, falling back to default profiles: default
2020-02-11 21:28:28,988 INFO [main] o.s.s.c.ThreadPoolTaskExecutor [ExecutorConfigurationSupport.java:171] Initializing ExecutorService 'applicationTaskExecutor'
2020-02-11 21:28:29,970 INFO [main] c.n.c.RegisterTests [StartupInfoLogger.java:59] Started RegisterTests in 4.759 seconds (JVM running for 6.019)
2020-02-11 21:28:30,333 INFO [main] c.z.h.HikariDataSource [HikariDataSource.java:110] HikariPool-1 - Starting...
2020-02-11 21:28:31,084 INFO [main] c.z.h.HikariDataSource [HikariDataSource.java:123] HikariPool-1 - Start completed.
2020-02-11 21:28:31,243 INFO [Thread-3] o.s.s.c.ThreadPoolTaskExecutor [ExecutorConfigurationSupport.java:208] Shutting down ExecutorService 'applicationTaskExecutor'
2020-02-11 21:28:31,245 INFO [Thread-3] c.z.h.HikariDataSource [HikariDataSource.java:350] HikariPool-1 - Shutdown initiated...
2020-02-11 21:28:31,557 INFO [Thread-3] c.z.h.HikariDataSource [HikariDataSource.java:352] HikariPool-1 - Shutdown completed.
2020-02-11 21:34:16,158 INFO [main] c.n.c.RegisterTests [StartupInfoLogger.java:50] Starting RegisterTests on DESKTOP-RM6ATF8 with PID 23264 (started by yingl in D:\Project\nowcoder\Nowcoding)
2020-02-11 21:34:16,161 INFO [main] c.n.c.RegisterTests [SpringApplication.java:675] No active profile set, falling back to default profiles: default
2020-02-11 21:34:19,426 INFO [main] o.s.s.c.ThreadPoolTaskExecutor [ExecutorConfigurationSupport.java:171] Initializing ExecutorService 'applicationTaskExecutor'
2020-02-11 21:34:20,161 INFO [main] c.n.c.RegisterTests [StartupInfoLogger.java:59] Started RegisterTests in 4.649 seconds (JVM running for 6.196)
2020-02-11 21:34:20,453 INFO [main] c.z.h.HikariDataSource [HikariDataSource.java:110] HikariPool-1 - Starting...
2020-02-11 21:34:21,141 INFO [main] c.z.h.HikariDataSource [HikariDataSource.java:123] HikariPool-1 - Start completed.
2020-02-11 21:34:21,264 INFO [Thread-3] o.s.s.c.ThreadPoolTaskExecutor [ExecutorConfigurationSupport.java:208] Shutting down ExecutorService 'applicationTaskExecutor'
2020-02-11 21:34:21,267 INFO [Thread-3] c.z.h.HikariDataSource [HikariDataSource.java:350] HikariPool-1 - Shutdown initiated...
2020-02-11 21:34:21,598 INFO [Thread-3] c.z.h.HikariDataSource [HikariDataSource.java:352] HikariPool-1 - Shutdown completed.
2020-02-11 21:36:59,899 INFO [main] c.n.c.RegisterTests [StartupInfoLogger.java:50] Starting RegisterTests on DESKTOP-RM6ATF8 with PID 11608 (started by yingl in D:\Project\nowcoder\Nowcoding)
2020-02-11 21:36:59,902 INFO [main] c.n.c.RegisterTests [SpringApplication.java:675] No active profile set, falling back to default profiles: default
2020-02-11 21:37:03,068 INFO [main] o.s.s.c.ThreadPoolTaskExecutor [ExecutorConfigurationSupport.java:171] Initializing ExecutorService 'applicationTaskExecutor'
2020-02-11 21:37:03,849 INFO [main] c.n.c.RegisterTests [StartupInfoLogger.java:59] Started RegisterTests in 4.525 seconds (JVM running for 5.788)
2020-02-11 21:37:04,159 INFO [main] c.z.h.HikariDataSource [HikariDataSource.java:110] HikariPool-1 - Starting...
2020-02-11 21:37:04,872 INFO [main] c.z.h.HikariDataSource [HikariDataSource.java:123] HikariPool-1 - Start completed.
2020-02-11 21:37:04,989 INFO [Thread-3] o.s.s.c.ThreadPoolTaskExecutor [ExecutorConfigurationSupport.java:208] Shutting down ExecutorService 'applicationTaskExecutor'
2020-02-11 21:37:04,991 INFO [Thread-3] c.z.h.HikariDataSource [HikariDataSource.java:350] HikariPool-1 - Shutdown initiated...
2020-02-11 21:37:05,338 INFO [Thread-3] c.z.h.HikariDataSource [HikariDataSource.java:352] HikariPool-1 - Shutdown completed.
2020-02-11 22:04:15,135 INFO [restartedMain] c.n.c.CommunityApplication [StartupInfoLogger.java:50] Starting CommunityApplication on DESKTOP-RM6ATF8 with PID 2368 (D:\Project\nowcoder\Nowcoding\target\classes started by yingl in D:\Project\nowcoder\Nowcoding)
2020-02-11 22:04:15,141 INFO [restartedMain] c.n.c.CommunityApplication [SpringApplication.java:675] No active profile set, falling back to default profiles: default
2020-02-11 22:04:15,198 INFO [restartedMain] o.s.b.d.e.DevToolsPropertyDefaultsPostProcessor [DeferredLog.java:227] Devtools property defaults active! Set 'spring.devtools.add-properties' to 'false' to disable
2020-02-11 22:04:15,199 INFO [restartedMain] o.s.b.d.e.DevToolsPropertyDefaultsPostProcessor [DeferredLog.java:227] For additional web related logging consider setting the 'logging.level.web' property to 'DEBUG'
2020-02-11 22:04:16,747 INFO [restartedMain] o.s.b.w.e.t.TomcatWebServer [TomcatWebServer.java:90] Tomcat initialized with port(s): 8081 (http)
2020-02-11 22:04:16,763 INFO [restartedMain] o.a.c.h.Http11NioProtocol [DirectJDKLog.java:173] Initializing ProtocolHandler ["http-nio-8081"]
2020-02-11 22:04:16,773 INFO [restartedMain] o.a.c.c.StandardService [DirectJDKLog.java:173] Starting service [Tomcat]
2020-02-11 22:04:16,773 INFO [restartedMain] o.a.c.c.StandardEngine [DirectJDKLog.java:173] Starting Servlet engine: [Apache Tomcat/9.0.19]
2020-02-11 22:04:16,887 INFO [restartedMain] o.a.c.c.C.[.[.[/community] [DirectJDKLog.java:173] Initializing Spring embedded WebApplicationContext
2020-02-11 22:04:16,888 INFO [restartedMain] o.s.w.c.ContextLoader [ServletWebServerApplicationContext.java:296] Root WebApplicationContext: initialization completed in 1689 ms
2020-02-11 22:04:17,522 INFO [restartedMain] o.s.s.c.ThreadPoolTaskExecutor [ExecutorConfigurationSupport.java:171] Initializing ExecutorService 'applicationTaskExecutor'
2020-02-11 22:04:17,779 INFO [restartedMain] o.s.b.d.a.OptionalLiveReloadServer [OptionalLiveReloadServer.java:57] LiveReload server is running on port 35729
2020-02-11 22:04:17,807 INFO [restartedMain] o.a.c.h.Http11NioProtocol [DirectJDKLog.java:173] Starting ProtocolHandler ["http-nio-8081"]
2020-02-11 22:04:17,833 INFO [restartedMain] o.s.b.w.e.t.TomcatWebServer [TomcatWebServer.java:204] Tomcat started on port(s): 8081 (http) with context path '/community'
2020-02-11 22:04:17,836 INFO [restartedMain] c.n.c.CommunityApplication [StartupInfoLogger.java:59] Started CommunityApplication in 3.319 seconds (JVM running for 4.557)
2020-02-11 22:04:25,788 INFO [http-nio-8081-exec-2] o.a.c.c.C.[.[.[/community] [DirectJDKLog.java:173] Initializing Spring DispatcherServlet 'dispatcherServlet'
2020-02-11 22:04:25,789 INFO [http-nio-8081-exec-2] o.s.w.s.DispatcherServlet [FrameworkServlet.java:524] Initializing Servlet 'dispatcherServlet'
2020-02-11 22:04:25,800 INFO [http-nio-8081-exec-2] o.s.w.s.DispatcherServlet [FrameworkServlet.java:546] Completed initialization in 11 ms
2020-02-11 22:06:59,599 INFO [http-nio-8081-exec-9] c.z.h.HikariDataSource [HikariDataSource.java:110] HikariPool-1 - Starting...
2020-02-11 22:07:00,182 INFO [http-nio-8081-exec-9] c.z.h.HikariDataSource [HikariDataSource.java:123] HikariPool-1 - Start completed.
2020-02-11 22:46:32,461 INFO [restartedMain] c.n.c.CommunityApplication [StartupInfoLogger.java:50] Starting CommunityApplication on DESKTOP-RM6ATF8 with PID 10112 (D:\Project\nowcoder\Nowcoding\target\classes started by yingl in D:\Project\nowcoder\Nowcoding)
2020-02-11 22:46:32,466 INFO [restartedMain] c.n.c.CommunityApplication [SpringApplication.java:675] No active profile set, falling back to default profiles: default
2020-02-11 22:46:32,544 INFO [restartedMain] o.s.b.d.e.DevToolsPropertyDefaultsPostProcessor [DeferredLog.java:227] Devtools property defaults active! Set 'spring.devtools.add-properties' to 'false' to disable
2020-02-11 22:46:32,544 INFO [restartedMain] o.s.b.d.e.DevToolsPropertyDefaultsPostProcessor [DeferredLog.java:227] For additional web related logging consider setting the 'logging.level.web' property to 'DEBUG'
2020-02-11 22:46:34,463 INFO [restartedMain] o.s.b.w.e.t.TomcatWebServer [TomcatWebServer.java:90] Tomcat initialized with port(s): 8081 (http)
2020-02-11 22:46:34,478 INFO [restartedMain] o.a.c.h.Http11NioProtocol [DirectJDKLog.java:173] Initializing ProtocolHandler ["http-nio-8081"]
2020-02-11 22:46:34,487 INFO [restartedMain] o.a.c.c.StandardService [DirectJDKLog.java:173] Starting service [Tomcat]
2020-02-11 22:46:34,488 INFO [restartedMain] o.a.c.c.StandardEngine [DirectJDKLog.java:173] Starting Servlet engine: [Apache Tomcat/9.0.19]
2020-02-11 22:46:34,600 INFO [restartedMain] o.a.c.c.C.[.[.[/community] [DirectJDKLog.java:173] Initializing Spring embedded WebApplicationContext
2020-02-11 22:46:34,601 INFO [restartedMain] o.s.w.c.ContextLoader [ServletWebServerApplicationContext.java:296] Root WebApplicationContext: initialization completed in 2055 ms
2020-02-11 22:46:35,202 INFO [restartedMain] o.s.s.c.ThreadPoolTaskExecutor [ExecutorConfigurationSupport.java:171] Initializing ExecutorService 'applicationTaskExecutor'
2020-02-11 22:46:35,450 INFO [restartedMain] o.s.b.d.a.OptionalLiveReloadServer [OptionalLiveReloadServer.java:57] LiveReload server is running on port 35729
2020-02-11 22:46:35,481 INFO [restartedMain] o.a.c.h.Http11NioProtocol [DirectJDKLog.java:173] Starting ProtocolHandler ["http-nio-8081"]
2020-02-11 22:46:35,505 INFO [restartedMain] o.s.b.w.e.t.TomcatWebServer [TomcatWebServer.java:204] Tomcat started on port(s): 8081 (http) with context path '/community'
2020-02-11 22:46:35,508 INFO [restartedMain] c.n.c.CommunityApplication [StartupInfoLogger.java:59] Started CommunityApplication in 3.825 seconds (JVM running for 5.075)
2020-02-11 22:46:40,939 INFO [http-nio-8081-exec-1] o.a.c.c.C.[.[.[/community] [DirectJDKLog.java:173] Initializing Spring DispatcherServlet 'dispatcherServlet'
2020-02-11 22:46:40,939 INFO [http-nio-8081-exec-1] o.s.w.s.DispatcherServlet [FrameworkServlet.java:524] Initializing Servlet 'dispatcherServlet'
2020-02-11 22:46:40,946 INFO [http-nio-8081-exec-1] o.s.w.s.DispatcherServlet [FrameworkServlet.java:546] Completed initialization in 7 ms
2020-02-11 22:46:41,056 INFO [http-nio-8081-exec-1] c.z.h.HikariDataSource [HikariDataSource.java:110] HikariPool-1 - Starting...
2020-02-11 22:46:41,617 INFO [http-nio-8081-exec-1] c.z.h.HikariDataSource [HikariDataSource.java:123] HikariPool-1 - Start completed.
2020-02-11 22:50:34,229 INFO [restartedMain] c.n.c.CommunityApplication [StartupInfoLogger.java:50] Starting CommunityApplication on DESKTOP-RM6ATF8 with PID 10748 (D:\Project\nowcoder\Nowcoding\target\classes started by yingl in D:\Project\nowcoder\Nowcoding)
2020-02-11 22:50:34,233 INFO [restartedMain] c.n.c.CommunityApplication [SpringApplication.java:675] No active profile set, falling back to default profiles: default
2020-02-11 22:50:34,282 INFO [restartedMain] o.s.b.d.e.DevToolsPropertyDefaultsPostProcessor [DeferredLog.java:227] Devtools property defaults active! Set 'spring.devtools.add-properties' to 'false' to disable
2020-02-11 22:50:34,282 INFO [restartedMain] o.s.b.d.e.DevToolsPropertyDefaultsPostProcessor [DeferredLog.java:227] For additional web related logging consider setting the 'logging.level.web' property to 'DEBUG'
2020-02-11 22:50:35,858 INFO [restartedMain] o.s.b.w.e.t.TomcatWebServer [TomcatWebServer.java:90] Tomcat initialized with port(s): 8081 (http)
2020-02-11 22:50:35,872 INFO [restartedMain] o.a.c.h.Http11NioProtocol [DirectJDKLog.java:173] Initializing ProtocolHandler ["http-nio-8081"]
2020-02-11 22:50:35,881 INFO [restartedMain] o.a.c.c.StandardService [DirectJDKLog.java:173] Starting service [Tomcat]
2020-02-11 22:50:35,881 INFO [restartedMain] o.a.c.c.StandardEngine [DirectJDKLog.java:173] Starting Servlet engine: [Apache Tomcat/9.0.19]
2020-02-11 22:50:35,989 INFO [restartedMain] o.a.c.c.C.[.[.[/community] [DirectJDKLog.java:173] Initializing Spring embedded WebApplicationContext
2020-02-11 22:50:35,990 INFO [restartedMain] o.s.w.c.ContextLoader [ServletWebServerApplicationContext.java:296] Root WebApplicationContext: initialization completed in 1706 ms
2020-02-11 22:50:36,560 INFO [restartedMain] o.s.s.c.ThreadPoolTaskExecutor [ExecutorConfigurationSupport.java:171] Initializing ExecutorService 'applicationTaskExecutor'
2020-02-11 22:50:36,811 INFO [restartedMain] o.s.b.d.a.OptionalLiveReloadServer [OptionalLiveReloadServer.java:57] LiveReload server is running on port 35729
2020-02-11 22:50:36,840 INFO [restartedMain] o.a.c.h.Http11NioProtocol [DirectJDKLog.java:173] Starting ProtocolHandler ["http-nio-8081"]
2020-02-11 22:50:36,864 INFO [restartedMain] o.s.b.w.e.t.TomcatWebServer [TomcatWebServer.java:204] Tomcat started on port(s): 8081 (http) with context path '/community'
2020-02-11 22:50:36,867 INFO [restartedMain] c.n.c.CommunityApplication [StartupInfoLogger.java:59] Started CommunityApplication in 3.206 seconds (JVM running for 4.368)
2020-02-11 22:50:43,210 INFO [http-nio-8081-exec-1] o.a.c.c.C.[.[.[/community] [DirectJDKLog.java:173] Initializing Spring DispatcherServlet 'dispatcherServlet'
2020-02-11 22:50:43,210 INFO [http-nio-8081-exec-1] o.s.w.s.DispatcherServlet [FrameworkServlet.java:524] Initializing Servlet 'dispatcherServlet'
2020-02-11 22:50:43,217 INFO [http-nio-8081-exec-1] o.s.w.s.DispatcherServlet [FrameworkServlet.java:546] Completed initialization in 7 ms
2020-02-11 22:51:52,053 INFO [restartedMain] c.n.c.CommunityApplication [StartupInfoLogger.java:50] Starting CommunityApplication on DESKTOP-RM6ATF8 with PID 21984 (D:\Project\nowcoder\Nowcoding\target\classes started by yingl in D:\Project\nowcoder\Nowcoding)
2020-02-11 22:51:52,058 INFO [restartedMain] c.n.c.CommunityApplication [SpringApplication.java:675] No active profile set, falling back to default profiles: default
2020-02-11 22:51:52,110 INFO [restartedMain] o.s.b.d.e.DevToolsPropertyDefaultsPostProcessor [DeferredLog.java:227] Devtools property defaults active! Set 'spring.devtools.add-properties' to 'false' to disable
2020-02-11 22:51:52,111 INFO [restartedMain] o.s.b.d.e.DevToolsPropertyDefaultsPostProcessor [DeferredLog.java:227] For additional web related logging consider setting the 'logging.level.web' property to 'DEBUG'
2020-02-11 22:51:53,588 INFO [restartedMain] o.s.b.w.e.t.TomcatWebServer [TomcatWebServer.java:90] Tomcat initialized with port(s): 8081 (http)
2020-02-11 22:51:53,603 INFO [restartedMain] o.a.c.h.Http11NioProtocol [DirectJDKLog.java:173] Initializing ProtocolHandler ["http-nio-8081"]
2020-02-11 22:51:53,612 INFO [restartedMain] o.a.c.c.StandardService [DirectJDKLog.java:173] Starting service [Tomcat]
2020-02-11 22:51:53,612 INFO [restartedMain] o.a.c.c.StandardEngine [DirectJDKLog.java:173] Starting Servlet engine: [Apache Tomcat/9.0.19]
2020-02-11 22:51:53,717 INFO [restartedMain] o.a.c.c.C.[.[.[/community] [DirectJDKLog.java:173] Initializing Spring embedded WebApplicationContext
2020-02-11 22:51:53,717 INFO [restartedMain] o.s.w.c.ContextLoader [ServletWebServerApplicationContext.java:296] Root WebApplicationContext: initialization completed in 1606 ms
2020-02-11 22:51:54,300 INFO [restartedMain] o.s.s.c.ThreadPoolTaskExecutor [ExecutorConfigurationSupport.java:171] Initializing ExecutorService 'applicationTaskExecutor'
2020-02-11 22:51:54,570 INFO [restartedMain] o.s.b.d.a.OptionalLiveReloadServer [OptionalLiveReloadServer.java:57] LiveReload server is running on port 35729
2020-02-11 22:51:54,599 INFO [restartedMain] o.a.c.h.Http11NioProtocol [DirectJDKLog.java:173] Starting ProtocolHandler ["http-nio-8081"]
2020-02-11 22:51:54,626 INFO [restartedMain] o.s.b.w.e.t.TomcatWebServer [TomcatWebServer.java:204] Tomcat started on port(s): 8081 (http) with context path '/community'
2020-02-11 22:51:54,629 INFO [restartedMain] c.n.c.CommunityApplication [StartupInfoLogger.java:59] Started CommunityApplication in 3.168 seconds (JVM running for 4.381)
2020-02-11 22:51:58,169 INFO [http-nio-8081-exec-1] o.a.c.c.C.[.[.[/community] [DirectJDKLog.java:173] Initializing Spring DispatcherServlet 'dispatcherServlet'
2020-02-11 22:51:58,169 INFO [http-nio-8081-exec-1] o.s.w.s.DispatcherServlet [FrameworkServlet.java:524] Initializing Servlet 'dispatcherServlet'
2020-02-11 22:51:58,178 INFO [http-nio-8081-exec-1] o.s.w.s.DispatcherServlet [FrameworkServlet.java:546] Completed initialization in 8 ms
2020-02-11 22:59:33,650 INFO [http-nio-8081-exec-1] c.z.h.HikariDataSource [HikariDataSource.java:110] HikariPool-1 - Starting...
2020-02-11 22:59:34,199 INFO [http-nio-8081-exec-1] c.z.h.HikariDataSource [HikariDataSource.java:123] HikariPool-1 - Start completed.
