2020-02-11 18:43:47,926 WARN [main] o.s.b.a.t.ThymeleafAutoConfiguration$DefaultTemplateResolverConfiguration [ThymeleafAutoConfiguration.java:108] Cannot find template location: classpath:/templates/ (please add some templates or check your Thymeleaf configuration)
2020-02-11 19:51:22,539 WARN [main] o.s.b.a.t.ThymeleafAutoConfiguration$DefaultTemplateResolverConfiguration [ThymeleafAutoConfiguration.java:108] Cannot find template location: classpath:/templates/ (please add some templates or check your Thymeleaf configuration)
2020-02-11 19:51:54,041 WARN [main] o.s.b.a.t.ThymeleafAutoConfiguration$DefaultTemplateResolverConfiguration [ThymeleafAutoConfiguration.java:108] Cannot find template location: classpath:/templates/ (please add some templates or check your Thymeleaf configuration)
2020-02-11 19:52:29,352 WARN [main] o.s.b.a.t.ThymeleafAutoConfiguration$DefaultTemplateResolverConfiguration [ThymeleafAutoConfiguration.java:108] Cannot find template location: classpath:/templates/ (please add some templates or check your Thymeleaf configuration)
2020-02-11 20:26:59,666 WARN [main] o.s.b.a.t.ThymeleafAutoConfiguration$DefaultTemplateResolverConfiguration [ThymeleafAutoConfiguration.java:108] Cannot find template location: classpath:/templates/ (please add some templates or check your Thymeleaf configuration)
2020-02-11 20:29:15,798 WARN [main] o.s.b.a.t.ThymeleafAutoConfiguration$DefaultTemplateResolverConfiguration [ThymeleafAutoConfiguration.java:108] Cannot find template location: classpath:/templates/ (please add some templates or check your Thymeleaf configuration)
2020-02-11 21:18:23,390 WARN [main] o.s.b.a.t.ThymeleafAutoConfiguration$DefaultTemplateResolverConfiguration [ThymeleafAutoConfiguration.java:108] Cannot find template location: classpath:/templates/ (please add some templates or check your Thymeleaf configuration)
2020-02-11 21:19:27,290 WARN [main] o.s.b.a.t.ThymeleafAutoConfiguration$DefaultTemplateResolverConfiguration [ThymeleafAutoConfiguration.java:108] Cannot find template location: classpath:/templates/ (please add some templates or check your Thymeleaf configuration)
2020-02-11 21:19:58,444 WARN [main] o.s.b.a.t.ThymeleafAutoConfiguration$DefaultTemplateResolverConfiguration [ThymeleafAutoConfiguration.java:108] Cannot find template location: classpath:/templates/ (please add some templates or check your Thymeleaf configuration)
2020-02-11 21:28:29,300 WARN [main] o.s.b.a.t.ThymeleafAutoConfiguration$DefaultTemplateResolverConfiguration [ThymeleafAutoConfiguration.java:108] Cannot find template location: classpath:/templates/ (please add some templates or check your Thymeleaf configuration)
2020-02-11 21:34:19,676 WARN [main] o.s.b.a.t.ThymeleafAutoConfiguration$DefaultTemplateResolverConfiguration [ThymeleafAutoConfiguration.java:108] Cannot find template location: classpath:/templates/ (please add some templates or check your Thymeleaf configuration)
2020-02-11 21:37:03,348 WARN [main] o.s.b.a.t.ThymeleafAutoConfiguration$DefaultTemplateResolverConfiguration [ThymeleafAutoConfiguration.java:108] Cannot find template location: classpath:/templates/ (please add some templates or check your Thymeleaf configuration)
2020-02-11 22:04:17,626 WARN [restartedMain] o.s.b.a.t.ThymeleafAutoConfiguration$DefaultTemplateResolverConfiguration [ThymeleafAutoConfiguration.java:108] Cannot find template location: classpath:/templates/ (please add some templates or check your Thymeleaf configuration)
2020-02-11 22:04:25,911 WARN [http-nio-8081-exec-2] o.s.w.s.m.s.DefaultHandlerExceptionResolver [AbstractHandlerExceptionResolver.java:198] Resolved [org.springframework.http.converter.HttpMessageNotReadableException: JSON parse error: Unexpected character ('}' (code 125)): was expecting double-quote to start field name; nested exception is com.fasterxml.jackson.core.JsonParseException: Unexpected character ('}' (code 125)): was expecting double-quote to start field name
 at [Source: (PushbackInputStream); line: 3, column: 2]]
2020-02-11 22:06:15,243 WARN [http-nio-8081-exec-7] o.s.w.s.m.s.DefaultHandlerExceptionResolver [AbstractHandlerExceptionResolver.java:198] Resolved [org.springframework.http.converter.HttpMessageNotReadableException: JSON parse error: Unexpected character ('}' (code 125)): was expecting double-quote to start field name; nested exception is com.fasterxml.jackson.core.JsonParseException: Unexpected character ('}' (code 125)): was expecting double-quote to start field name
 at [Source: (PushbackInputStream); line: 3, column: 2]]
2020-02-11 22:12:13,926 WARN [http-nio-8081-exec-1] c.z.h.p.PoolBase [PoolBase.java:176] HikariPool-1 - Failed to validate connection com.mysql.cj.jdbc.ConnectionImpl@bf63bea (No operations allowed after connection closed.). Possibly consider using a shorter maxLifetime value.
2020-02-11 22:12:18,930 WARN [http-nio-8081-exec-1] c.z.h.p.PoolBase [PoolBase.java:176] HikariPool-1 - Failed to validate connection com.mysql.cj.jdbc.ConnectionImpl@493f2dae (No operations allowed after connection closed.). Possibly consider using a shorter maxLifetime value.
2020-02-11 22:12:23,933 WARN [http-nio-8081-exec-1] c.z.h.p.PoolBase [PoolBase.java:176] HikariPool-1 - Failed to validate connection com.mysql.cj.jdbc.ConnectionImpl@73ac6608 (No operations allowed after connection closed.). Possibly consider using a shorter maxLifetime value.
2020-02-11 22:12:28,935 WARN [http-nio-8081-exec-1] c.z.h.p.PoolBase [PoolBase.java:176] HikariPool-1 - Failed to validate connection com.mysql.cj.jdbc.ConnectionImpl@5a907276 (No operations allowed after connection closed.). Possibly consider using a shorter maxLifetime value.
2020-02-11 22:12:33,938 WARN [http-nio-8081-exec-1] c.z.h.p.PoolBase [PoolBase.java:176] HikariPool-1 - Failed to validate connection com.mysql.cj.jdbc.ConnectionImpl@7a7ed1b7 (No operations allowed after connection closed.). Possibly consider using a shorter maxLifetime value.
2020-02-11 22:22:55,575 WARN [http-nio-8081-exec-4] c.z.h.p.PoolBase [PoolBase.java:176] HikariPool-1 - Failed to validate connection com.mysql.cj.jdbc.ConnectionImpl@4f26256b (No operations allowed after connection closed.). Possibly consider using a shorter maxLifetime value.
2020-02-11 22:23:00,579 WARN [http-nio-8081-exec-4] c.z.h.p.PoolBase [PoolBase.java:176] HikariPool-1 - Failed to validate connection com.mysql.cj.jdbc.ConnectionImpl@66371531 (No operations allowed after connection closed.). Possibly consider using a shorter maxLifetime value.
2020-02-11 22:23:05,582 WARN [http-nio-8081-exec-4] c.z.h.p.PoolBase [PoolBase.java:176] HikariPool-1 - Failed to validate connection com.mysql.cj.jdbc.ConnectionImpl@226fab9c (No operations allowed after connection closed.). Possibly consider using a shorter maxLifetime value.
2020-02-11 22:23:10,584 WARN [http-nio-8081-exec-4] c.z.h.p.PoolBase [PoolBase.java:176] HikariPool-1 - Failed to validate connection com.mysql.cj.jdbc.ConnectionImpl@9e48051 (No operations allowed after connection closed.). Possibly consider using a shorter maxLifetime value.
2020-02-11 22:23:15,586 WARN [http-nio-8081-exec-4] c.z.h.p.PoolBase [PoolBase.java:176] HikariPool-1 - Failed to validate connection com.mysql.cj.jdbc.ConnectionImpl@6caeeb53 (No operations allowed after connection closed.). Possibly consider using a shorter maxLifetime value.
2020-02-11 22:33:07,755 WARN [http-nio-8081-exec-5] c.z.h.p.PoolBase [PoolBase.java:176] HikariPool-1 - Failed to validate connection com.mysql.cj.jdbc.ConnectionImpl@16eacf5d (No operations allowed after connection closed.). Possibly consider using a shorter maxLifetime value.
2020-02-11 22:33:12,757 WARN [http-nio-8081-exec-5] c.z.h.p.PoolBase [PoolBase.java:176] HikariPool-1 - Failed to validate connection com.mysql.cj.jdbc.ConnectionImpl@1c12a42d (No operations allowed after connection closed.). Possibly consider using a shorter maxLifetime value.
2020-02-11 22:33:17,760 WARN [http-nio-8081-exec-5] c.z.h.p.PoolBase [PoolBase.java:176] HikariPool-1 - Failed to validate connection com.mysql.cj.jdbc.ConnectionImpl@19409593 (No operations allowed after connection closed.). Possibly consider using a shorter maxLifetime value.
2020-02-11 22:33:22,762 WARN [http-nio-8081-exec-5] c.z.h.p.PoolBase [PoolBase.java:176] HikariPool-1 - Failed to validate connection com.mysql.cj.jdbc.ConnectionImpl@61b9f509 (No operations allowed after connection closed.). Possibly consider using a shorter maxLifetime value.
2020-02-11 22:33:27,765 WARN [http-nio-8081-exec-5] c.z.h.p.PoolBase [PoolBase.java:176] HikariPool-1 - Failed to validate connection com.mysql.cj.jdbc.ConnectionImpl@244e203d (No operations allowed after connection closed.). Possibly consider using a shorter maxLifetime value.
2020-02-11 22:39:47,013 WARN [http-nio-8081-exec-8] c.z.h.p.PoolBase [PoolBase.java:176] HikariPool-1 - Failed to validate connection com.mysql.cj.jdbc.ConnectionImpl@61a5aa6e (No operations allowed after connection closed.). Possibly consider using a shorter maxLifetime value.
2020-02-11 22:39:52,016 WARN [http-nio-8081-exec-8] c.z.h.p.PoolBase [PoolBase.java:176] HikariPool-1 - Failed to validate connection com.mysql.cj.jdbc.ConnectionImpl@21f74885 (No operations allowed after connection closed.). Possibly consider using a shorter maxLifetime value.
2020-02-11 22:39:57,018 WARN [http-nio-8081-exec-8] c.z.h.p.PoolBase [PoolBase.java:176] HikariPool-1 - Failed to validate connection com.mysql.cj.jdbc.ConnectionImpl@5973f2b9 (No operations allowed after connection closed.). Possibly consider using a shorter maxLifetime value.
2020-02-11 22:40:02,020 WARN [http-nio-8081-exec-8] c.z.h.p.PoolBase [PoolBase.java:176] HikariPool-1 - Failed to validate connection com.mysql.cj.jdbc.ConnectionImpl@5fa01c05 (No operations allowed after connection closed.). Possibly consider using a shorter maxLifetime value.
2020-02-11 22:40:07,023 WARN [http-nio-8081-exec-8] c.z.h.p.PoolBase [PoolBase.java:176] HikariPool-1 - Failed to validate connection com.mysql.cj.jdbc.ConnectionImpl@42771b30 (No operations allowed after connection closed.). Possibly consider using a shorter maxLifetime value.
2020-02-11 22:46:35,312 WARN [restartedMain] o.s.b.a.t.ThymeleafAutoConfiguration$DefaultTemplateResolverConfiguration [ThymeleafAutoConfiguration.java:108] Cannot find template location: classpath:/templates/ (please add some templates or check your Thymeleaf configuration)
2020-02-11 22:50:36,665 WARN [restartedMain] o.s.b.a.t.ThymeleafAutoConfiguration$DefaultTemplateResolverConfiguration [ThymeleafAutoConfiguration.java:108] Cannot find template location: classpath:/templates/ (please add some templates or check your Thymeleaf configuration)
2020-02-11 22:51:54,416 WARN [restartedMain] o.s.b.a.t.ThymeleafAutoConfiguration$DefaultTemplateResolverConfiguration [ThymeleafAutoConfiguration.java:108] Cannot find template location: classpath:/templates/ (please add some templates or check your Thymeleaf configuration)
