2020-02-09 18:05:39,689 WARN [restartedMain] o.s.b.a.t.ThymeleafAutoConfiguration$DefaultTemplateResolverConfiguration [ThymeleafAutoConfiguration.java:108] Cannot find template location: classpath:/templates/ (please add some templates or check your Thymeleaf configuration)
2020-02-09 18:06:56,514 WARN [restartedMain] o.s.b.a.t.ThymeleafAutoConfiguration$DefaultTemplateResolverConfiguration [ThymeleafAutoConfiguration.java:108] Cannot find template location: classpath:/templates/ (please add some templates or check your Thymeleaf configuration)
2020-02-09 18:14:16,655 WARN [http-nio-8081-exec-4] c.z.h.p.PoolBase [PoolBase.java:176] HikariPool-1 - Failed to validate connection com.mysql.cj.jdbc.ConnectionImpl@52a1ba0a (No operations allowed after connection closed.). Possibly consider using a shorter maxLifetime value.
2020-02-09 18:14:21,659 WARN [http-nio-8081-exec-4] c.z.h.p.PoolBase [PoolBase.java:176] HikariPool-1 - Failed to validate connection com.mysql.cj.jdbc.ConnectionImpl@71098af4 (No operations allowed after connection closed.). Possibly consider using a shorter maxLifetime value.
2020-02-09 18:14:26,661 WARN [http-nio-8081-exec-4] c.z.h.p.PoolBase [PoolBase.java:176] HikariPool-1 - Failed to validate connection com.mysql.cj.jdbc.ConnectionImpl@49a89008 (No operations allowed after connection closed.). Possibly consider using a shorter maxLifetime value.
2020-02-09 18:14:31,664 WARN [http-nio-8081-exec-4] c.z.h.p.PoolBase [PoolBase.java:176] HikariPool-1 - Failed to validate connection com.mysql.cj.jdbc.ConnectionImpl@2649e55a (No operations allowed after connection closed.). Possibly consider using a shorter maxLifetime value.
2020-02-09 18:14:36,666 WARN [http-nio-8081-exec-4] c.z.h.p.PoolBase [PoolBase.java:176] HikariPool-1 - Failed to validate connection com.mysql.cj.jdbc.ConnectionImpl@d851f2e (No operations allowed after connection closed.). Possibly consider using a shorter maxLifetime value.
2020-02-09 18:55:40,722 WARN [restartedMain] o.s.b.a.t.ThymeleafAutoConfiguration$DefaultTemplateResolverConfiguration [ThymeleafAutoConfiguration.java:108] Cannot find template location: classpath:/templates/ (please add some templates or check your Thymeleaf configuration)
2020-02-09 19:17:30,507 WARN [restartedMain] o.s.b.a.t.ThymeleafAutoConfiguration$DefaultTemplateResolverConfiguration [ThymeleafAutoConfiguration.java:108] Cannot find template location: classpath:/templates/ (please add some templates or check your Thymeleaf configuration)
2020-02-09 19:21:51,924 WARN [restartedMain] o.s.b.a.t.ThymeleafAutoConfiguration$DefaultTemplateResolverConfiguration [ThymeleafAutoConfiguration.java:108] Cannot find template location: classpath:/templates/ (please add some templates or check your Thymeleaf configuration)
2020-02-09 19:25:06,924 WARN [restartedMain] o.s.b.a.t.ThymeleafAutoConfiguration$DefaultTemplateResolverConfiguration [ThymeleafAutoConfiguration.java:108] Cannot find template location: classpath:/templates/ (please add some templates or check your Thymeleaf configuration)
2020-02-09 19:30:17,551 WARN [restartedMain] o.s.b.a.t.ThymeleafAutoConfiguration$DefaultTemplateResolverConfiguration [ThymeleafAutoConfiguration.java:108] Cannot find template location: classpath:/templates/ (please add some templates or check your Thymeleaf configuration)
2020-02-09 19:36:41,962 WARN [restartedMain] o.s.b.a.t.ThymeleafAutoConfiguration$DefaultTemplateResolverConfiguration [ThymeleafAutoConfiguration.java:108] Cannot find template location: classpath:/templates/ (please add some templates or check your Thymeleaf configuration)
2020-02-09 19:42:45,600 WARN [http-nio-8081-exec-5] o.s.w.s.m.s.DefaultHandlerExceptionResolver [AbstractHandlerExceptionResolver.java:198] Resolved [org.springframework.web.multipart.support.MissingServletRequestPartException: Required request part 'formData' is not present]
2020-02-09 19:43:30,391 WARN [http-nio-8081-exec-6] o.s.w.s.m.s.DefaultHandlerExceptionResolver [AbstractHandlerExceptionResolver.java:198] Resolved [org.springframework.web.multipart.support.MissingServletRequestPartException: Required request part 'formData' is not present]
2020-02-09 19:43:41,724 WARN [http-nio-8081-exec-7] o.s.w.s.m.s.DefaultHandlerExceptionResolver [AbstractHandlerExceptionResolver.java:198] Resolved [org.springframework.web.multipart.support.MissingServletRequestPartException: Required request part 'formData' is not present]
2020-02-09 19:43:58,016 WARN [http-nio-8081-exec-8] o.s.w.s.m.s.DefaultHandlerExceptionResolver [AbstractHandlerExceptionResolver.java:198] Resolved [org.springframework.web.multipart.support.MissingServletRequestPartException: Required request part 'formData' is not present]
2020-02-09 21:17:34,939 WARN [restartedMain] o.s.b.a.t.ThymeleafAutoConfiguration$DefaultTemplateResolverConfiguration [ThymeleafAutoConfiguration.java:108] Cannot find template location: classpath:/templates/ (please add some templates or check your Thymeleaf configuration)
2020-02-09 21:18:56,052 WARN [restartedMain] o.s.b.a.t.ThymeleafAutoConfiguration$DefaultTemplateResolverConfiguration [ThymeleafAutoConfiguration.java:108] Cannot find template location: classpath:/templates/ (please add some templates or check your Thymeleaf configuration)
2020-02-09 21:20:35,737 WARN [restartedMain] o.s.b.a.t.ThymeleafAutoConfiguration$DefaultTemplateResolverConfiguration [ThymeleafAutoConfiguration.java:108] Cannot find template location: classpath:/templates/ (please add some templates or check your Thymeleaf configuration)
2020-02-09 21:23:34,507 WARN [restartedMain] o.s.b.a.t.ThymeleafAutoConfiguration$DefaultTemplateResolverConfiguration [ThymeleafAutoConfiguration.java:108] Cannot find template location: classpath:/templates/ (please add some templates or check your Thymeleaf configuration)
2020-02-09 21:24:02,019 WARN [restartedMain] o.s.b.a.t.ThymeleafAutoConfiguration$DefaultTemplateResolverConfiguration [ThymeleafAutoConfiguration.java:108] Cannot find template location: classpath:/templates/ (please add some templates or check your Thymeleaf configuration)
2020-02-09 23:16:19,043 WARN [restartedMain] o.s.b.a.t.ThymeleafAutoConfiguration$DefaultTemplateResolverConfiguration [ThymeleafAutoConfiguration.java:108] Cannot find template location: classpath:/templates/ (please add some templates or check your Thymeleaf configuration)
2020-02-09 23:23:46,145 WARN [http-nio-8081-exec-3] o.s.w.s.m.s.DefaultHandlerExceptionResolver [AbstractHandlerExceptionResolver.java:198] Resolved [org.springframework.http.converter.HttpMessageNotReadableException: JSON parse error: Unexpected character ('}' (code 125)): was expecting double-quote to start field name; nested exception is com.fasterxml.jackson.core.JsonParseException: Unexpected character ('}' (code 125)): was expecting double-quote to start field name
 at [Source: (PushbackInputStream); line: 7, column: 8]]
2020-02-09 23:24:13,446 WARN [http-nio-8081-exec-5] o.s.w.s.m.s.DefaultHandlerExceptionResolver [AbstractHandlerExceptionResolver.java:198] Resolved [org.springframework.http.converter.HttpMessageNotReadableException: JSON parse error: Cannot construct instance of `java.util.LinkedHashMap` (although at least one Creator exists): no String-argument constructor/factory method to deserialize from String value ('form'); nested exception is com.fasterxml.jackson.databind.exc.MismatchedInputException: Cannot construct instance of `java.util.LinkedHashMap` (although at least one Creator exists): no String-argument constructor/factory method to deserialize from String value ('form')
 at [Source: (PushbackInputStream); line: 2, column: 2]]
2020-02-09 23:27:10,618 WARN [http-nio-8081-exec-7] o.s.w.s.m.s.DefaultHandlerExceptionResolver [AbstractHandlerExceptionResolver.java:198] Resolved [org.springframework.http.converter.HttpMessageNotReadableException: JSON parse error: Cannot construct instance of `java.util.LinkedHashMap` (although at least one Creator exists): no String-argument constructor/factory method to deserialize from String value ('form'); nested exception is com.fasterxml.jackson.databind.exc.MismatchedInputException: Cannot construct instance of `java.util.LinkedHashMap` (although at least one Creator exists): no String-argument constructor/factory method to deserialize from String value ('form')
 at [Source: (PushbackInputStream); line: 2, column: 2]]
2020-02-09 23:33:16,827 WARN [restartedMain] o.s.b.a.t.ThymeleafAutoConfiguration$DefaultTemplateResolverConfiguration [ThymeleafAutoConfiguration.java:108] Cannot find template location: classpath:/templates/ (please add some templates or check your Thymeleaf configuration)
2020-02-09 23:37:12,055 WARN [restartedMain] o.s.b.a.t.ThymeleafAutoConfiguration$DefaultTemplateResolverConfiguration [ThymeleafAutoConfiguration.java:108] Cannot find template location: classpath:/templates/ (please add some templates or check your Thymeleaf configuration)
